
> start
> nodemon --watch "src/**/*.ts" -e ts,json --exec "ts-node --transpile-only ./src/server.ts"

[33m[nodemon] 3.1.10[39m
[33m[nodemon] to restart at any time, enter `rs`[39m
[33m[nodemon] watching path(s): src/**/*.ts[39m
[33m[nodemon] watching extensions: ts,json[39m
[32m[nodemon] starting `ts-node --transpile-only ./src/server.ts`[39m
Listening on port 8080
node:events:485
      throw er; // Unhandled 'error' event
      ^

Error: read EIO
    at TTY.onStreamRead (node:internal/stream_base_commons:216:20)
Emitted 'error' event on ReadStream instance at:
    at emitErrorNT (node:internal/streams/destroy:170:8)
    at emitErrorCloseNT (node:internal/streams/destroy:129:3)
    at process.processTicksAndRejections (node:internal/process/task_queues:90:21) {
  errno: -5,
  code: 'EIO',
  syscall: 'read'
}

Node.js v24.1.0
